<?xml version="1.0" encoding="UTF-8"?>
<!-- Generated by org.testng.reporters.JUnitXMLReporter -->
<testsuite ignored="0" hostname="AP-PF5F2CBF" failures="1" tests="3" name="Test" time="43.004" errors="0" timestamp="2026-09-21T17:48:43 IST">
  <testcase classname="testBase.LoginTest" name="Verify_login" time="1.901"/>
  <testcase classname="testBase.MyAccountTest" name="verify_MyAccount" time="1.809"/>
  <testcase classname="testBase.SearchResultTest" name="Search_Result" time="6.855">
    <failure type="org.openqa.selenium.StaleElementReferenceException" message="stale element reference: stale element not found
  (Session info: chrome=153.0.8010.50)
For documentation on this error, please visit: https://www.selenium.dev/documentation/webdriver/troubleshooting/errors#staleelementreferenceexception
Build info: version: &amp;apos;4.48.0&amp;apos;, revision: &amp;apos;27f5213 27f5213055e28398a5105b7892b7a3bb2012a6ef&amp;apos;
System info: os.name: &amp;apos;Windows 11&amp;apos;, os.arch: &amp;apos;amd64&amp;apos;, os.version: &amp;apos;10.0&amp;apos;, java.version: &amp;apos;21.0.7&amp;apos;
Driver info: org.openqa.selenium.chrome.ChromeDriver
Command: [eeb21f96f6197a2fa9a501c97e59a94c, clickElement {id=f.544EAD67A8211C194BACE609E04D49F5.d.51213490F90044FBAB584991DE8401A7.e.2895}]
Capabilities {acceptInsecureCerts: false, browserName: chrome, browserVersion: 153.0.8010.50, chrome: {chromedriverVersion: 153.0.8010.52 (78e5e45d4bb4..., userDataDir: C:\Users\SANTOS~1\AppData\L...}, fedcm:accounts: true, goog:chromeOptions: {debuggerAddress: localhost:50768}, goog:processID: 35968, networkConnectionEnabled: false, pageLoadStrategy: normal, platformName: windows, proxy: Proxy(), se:cdp: ws://localhost:50768/devtoo..., se:cdpVersion: 153.0.8010.50, setWindowRect: true, strictFileInteractability: false, timeouts: {implicit: 0, pageLoad: 300000, script: 30000}, unhandledPromptBehavior: dismiss and notify, webauthn:extension:cmtgKey: true, webauthn:extension:credBlob: true, webauthn:extension:largeBlob: true, webauthn:extension:minPinLength: true, webauthn:extension:prf: true, webauthn:virtualAuthenticators: true}
Element: [[ChromeDriver: chrome on windows (eeb21f96f6197a2fa9a501c97e59a94c)] -&amp;gt; xpath: //input[@class=&amp;apos;search-input&amp;apos;]]
Session ID: eeb21f96f6197a2fa9a501c97e59a94c">
      <![CDATA[org.openqa.selenium.StaleElementReferenceException: stale element reference: stale element not found
  (Session info: chrome=153.0.8010.50)
For documentation on this error, please visit: https://www.selenium.dev/documentation/webdriver/troubleshooting/errors#staleelementreferenceexception
Build info: version: '4.48.0', revision: '27f5213 27f5213055e28398a5105b7892b7a3bb2012a6ef'
System info: os.name: 'Windows 11', os.arch: 'amd64', os.version: '10.0', java.version: '21.0.7'
Driver info: org.openqa.selenium.chrome.ChromeDriver
Command: [eeb21f96f6197a2fa9a501c97e59a94c, clickElement {id=f.544EAD67A8211C194BACE609E04D49F5.d.51213490F90044FBAB584991DE8401A7.e.2895}]
Capabilities {acceptInsecureCerts: false, browserName: chrome, browserVersion: 153.0.8010.50, chrome: {chromedriverVersion: 153.0.8010.52 (78e5e45d4bb4..., userDataDir: C:\Users\SANTOS~1\AppData\L...}, fedcm:accounts: true, goog:chromeOptions: {debuggerAddress: localhost:50768}, goog:processID: 35968, networkConnectionEnabled: false, pageLoadStrategy: normal, platformName: windows, proxy: Proxy(), se:cdp: ws://localhost:50768/devtoo..., se:cdpVersion: 153.0.8010.50, setWindowRect: true, strictFileInteractability: false, timeouts: {implicit: 0, pageLoad: 300000, script: 30000}, unhandledPromptBehavior: dismiss and notify, webauthn:extension:cmtgKey: true, webauthn:extension:credBlob: true, webauthn:extension:largeBlob: true, webauthn:extension:minPinLength: true, webauthn:extension:prf: true, webauthn:virtualAuthenticators: true}
Element: [[ChromeDriver: chrome on windows (eeb21f96f6197a2fa9a501c97e59a94c)] -> xpath: //input[@class='search-input']]
Session ID: eeb21f96f6197a2fa9a501c97e59a94c
at org.openqa.selenium.remote.ErrorCodec.decode(ErrorCodec.java:169)
at org.openqa.selenium.remote.codec.w3c.W3CHttpResponseCodec.decode(W3CHttpResponseCodec.java:143)
at org.openqa.selenium.remote.codec.w3c.W3CHttpResponseCodec.decode(W3CHttpResponseCodec.java:50)
at org.openqa.selenium.remote.HttpCommandExecutor.execute(HttpCommandExecutor.java:196)
at org.openqa.selenium.remote.service.DriverCommandExecutor.invokeExecute(DriverCommandExecutor.java:217)
at org.openqa.selenium.remote.service.DriverCommandExecutor.execute(DriverCommandExecutor.java:175)
at org.openqa.selenium.remote.RemoteWebDriver.execute(RemoteWebDriver.java:653)
at org.openqa.selenium.remote.RemoteWebElement.execute(RemoteWebElement.java:225)
at org.openqa.selenium.remote.RemoteWebElement.click(RemoteWebElement.java:79)
at org.openqa.selenium.support.pagefactory.internal.LocatingElementHandler.invoke(LocatingElementHandler.java:51)
at jdk.proxy2/jdk.proxy2.$Proxy32.click(Unknown Source)
at pageObjects.MyAccountPage.ClickonSeachBar(MyAccountPage.java:56)
at testBase.SearchResultTest.Search_Result(SearchResultTest.java:39)
at java.base/java.util.ArrayList.forEach(ArrayList.java:1596)
... Removed 27 stack frames]]>
    </failure>
  </testcase> <!-- Search_Result -->
</testsuite> <!-- Test -->
