<?xml version="1.0" encoding="UTF-8"?>
<testng-results ignored="0" total="3" passed="2" failed="1" skipped="0">
  <reporter-output>
  </reporter-output>
  <suite started-at="2026-09-21T18:05:23 IST" name="Master Suite" finished-at="2026-09-21T18:05:56 IST" duration-ms="33638">
    <groups>
      <group name="Master">
        <method signature="LoginTest.Verify_login()[pri:0, instance:testBase.LoginTest@2f9f7dcf]" name="Verify_login" class="testBase.LoginTest"/>
        <method signature="MyAccountTest.verify_MyAccount()[pri:0, instance:testBase.MyAccountTest@6cf0e0ba]" name="verify_MyAccount" class="testBase.MyAccountTest"/>
        <method signature="SearchResultTest.Search_Result()[pri:0, instance:testBase.SearchResultTest@7d8995e]" name="Search_Result" class="testBase.SearchResultTest"/>
      </group> <!-- Master -->
      <group name="Sanity">
        <method signature="LoginTest.Verify_login()[pri:0, instance:testBase.LoginTest@2f9f7dcf]" name="Verify_login" class="testBase.LoginTest"/>
        <method signature="SearchResultTest.Search_Result()[pri:0, instance:testBase.SearchResultTest@7d8995e]" name="Search_Result" class="testBase.SearchResultTest"/>
      </group> <!-- Sanity -->
      <group name="Regression">
        <method signature="MyAccountTest.verify_MyAccount()[pri:0, instance:testBase.MyAccountTest@6cf0e0ba]" name="verify_MyAccount" class="testBase.MyAccountTest"/>
        <method signature="SearchResultTest.Search_Result()[pri:0, instance:testBase.SearchResultTest@7d8995e]" name="Search_Result" class="testBase.SearchResultTest"/>
      </group> <!-- Regression -->
    </groups>
    <test started-at="2026-09-21T18:05:23 IST" name="Test" finished-at="2026-09-21T18:05:56 IST" duration-ms="33638">
      <class name="testBase.MyAccountTest">
        <test-method is-config="true" signature="setup(java.lang.String,java.lang.String)[pri:0, instance:testBase.MyAccountTest@6cf0e0ba]" started-at="2026-09-21T18:05:35 IST" name="setup" finished-at="2026-09-21T18:05:42 IST" duration-ms="6801" status="PASS">
          <params>
            <param index="0">
              <value>
                <![CDATA[Windows]]>
              </value>
            </param>
            <param index="1">
              <value>
                <![CDATA[chrome]]>
              </value>
            </param>
          </params>
          <reporter-output>
          </reporter-output>
        </test-method> <!-- setup -->
        <test-method signature="verify_MyAccount()[pri:0, instance:testBase.MyAccountTest@6cf0e0ba]" started-at="2026-09-21T18:05:42 IST" name="verify_MyAccount" finished-at="2026-09-21T18:05:44 IST" duration-ms="1824" status="PASS">
          <reporter-output>
          </reporter-output>
        </test-method> <!-- verify_MyAccount -->
        <test-method is-config="true" signature="teardown()[pri:0, instance:testBase.MyAccountTest@6cf0e0ba]" started-at="2026-09-21T18:05:44 IST" name="teardown" finished-at="2026-09-21T18:05:45 IST" duration-ms="627" status="PASS">
          <reporter-output>
          </reporter-output>
        </test-method> <!-- teardown -->
      </class> <!-- testBase.MyAccountTest -->
      <class name="testBase.SearchResultTest">
        <test-method is-config="true" signature="setup(java.lang.String,java.lang.String)[pri:0, instance:testBase.SearchResultTest@7d8995e]" started-at="2026-09-21T18:05:45 IST" name="setup" finished-at="2026-09-21T18:05:51 IST" duration-ms="6689" status="PASS">
          <params>
            <param index="0">
              <value>
                <![CDATA[Windows]]>
              </value>
            </param>
            <param index="1">
              <value>
                <![CDATA[chrome]]>
              </value>
            </param>
          </params>
          <reporter-output>
          </reporter-output>
        </test-method> <!-- setup -->
        <test-method signature="Search_Result()[pri:0, instance:testBase.SearchResultTest@7d8995e]" started-at="2026-09-21T18:05:51 IST" name="Search_Result" finished-at="2026-09-21T18:05:56 IST" duration-ms="4465" status="FAIL">
          <exception class="org.openqa.selenium.StaleElementReferenceException">
            <message>
              <![CDATA[stale element reference: stale element not found
  (Session info: chrome=153.0.8010.50)
For documentation on this error, please visit: https://www.selenium.dev/documentation/webdriver/troubleshooting/errors#staleelementreferenceexception
Build info: version: '4.48.0', revision: '27f5213 27f5213055e28398a5105b7892b7a3bb2012a6ef'
System info: os.name: 'Windows 11', os.arch: 'amd64', os.version: '10.0', java.version: '21.0.7'
Driver info: org.openqa.selenium.chrome.ChromeDriver
Command: [dffec170c9c45f55d76c5c819f6c0ee8, clearElement {id=f.ADE515926346C9EA4CE8D8AB30ACFC5B.d.5ABA9F2EDE162064A4DE4B927E450F99.e.2814}]
Capabilities {acceptInsecureCerts: false, browserName: chrome, browserVersion: 153.0.8010.50, chrome: {chromedriverVersion: 153.0.8010.52 (78e5e45d4bb4..., userDataDir: C:\Users\SANTOS~1\AppData\L...}, fedcm:accounts: true, goog:chromeOptions: {debuggerAddress: localhost:49693}, goog:processID: 16532, networkConnectionEnabled: false, pageLoadStrategy: normal, platformName: windows, proxy: Proxy(), se:cdp: ws://localhost:49693/devtoo..., se:cdpVersion: 153.0.8010.50, setWindowRect: true, strictFileInteractability: false, timeouts: {implicit: 0, pageLoad: 300000, script: 30000}, unhandledPromptBehavior: dismiss and notify, webauthn:extension:cmtgKey: true, webauthn:extension:credBlob: true, webauthn:extension:largeBlob: true, webauthn:extension:minPinLength: true, webauthn:extension:prf: true, webauthn:virtualAuthenticators: true}
Element: [[ChromeDriver: chrome on windows (dffec170c9c45f55d76c5c819f6c0ee8)] -> xpath: //input[contains(@class,'search-input')]]
Session ID: dffec170c9c45f55d76c5c819f6c0ee8]]>
            </message>
            <full-stacktrace>
              <![CDATA[org.openqa.selenium.StaleElementReferenceException: stale element reference: stale element not found
  (Session info: chrome=153.0.8010.50)
For documentation on this error, please visit: https://www.selenium.dev/documentation/webdriver/troubleshooting/errors#staleelementreferenceexception
Build info: version: '4.48.0', revision: '27f5213 27f5213055e28398a5105b7892b7a3bb2012a6ef'
System info: os.name: 'Windows 11', os.arch: 'amd64', os.version: '10.0', java.version: '21.0.7'
Driver info: org.openqa.selenium.chrome.ChromeDriver
Command: [dffec170c9c45f55d76c5c819f6c0ee8, clearElement {id=f.ADE515926346C9EA4CE8D8AB30ACFC5B.d.5ABA9F2EDE162064A4DE4B927E450F99.e.2814}]
Capabilities {acceptInsecureCerts: false, browserName: chrome, browserVersion: 153.0.8010.50, chrome: {chromedriverVersion: 153.0.8010.52 (78e5e45d4bb4..., userDataDir: C:\Users\SANTOS~1\AppData\L...}, fedcm:accounts: true, goog:chromeOptions: {debuggerAddress: localhost:49693}, goog:processID: 16532, networkConnectionEnabled: false, pageLoadStrategy: normal, platformName: windows, proxy: Proxy(), se:cdp: ws://localhost:49693/devtoo..., se:cdpVersion: 153.0.8010.50, setWindowRect: true, strictFileInteractability: false, timeouts: {implicit: 0, pageLoad: 300000, script: 30000}, unhandledPromptBehavior: dismiss and notify, webauthn:extension:cmtgKey: true, webauthn:extension:credBlob: true, webauthn:extension:largeBlob: true, webauthn:extension:minPinLength: true, webauthn:extension:prf: true, webauthn:virtualAuthenticators: true}
Element: [[ChromeDriver: chrome on windows (dffec170c9c45f55d76c5c819f6c0ee8)] -> xpath: //input[contains(@class,'search-input')]]
Session ID: dffec170c9c45f55d76c5c819f6c0ee8
at org.openqa.selenium.remote.ErrorCodec.decode(ErrorCodec.java:169)
at org.openqa.selenium.remote.codec.w3c.W3CHttpResponseCodec.decode(W3CHttpResponseCodec.java:143)
at org.openqa.selenium.remote.codec.w3c.W3CHttpResponseCodec.decode(W3CHttpResponseCodec.java:50)
at org.openqa.selenium.remote.HttpCommandExecutor.execute(HttpCommandExecutor.java:196)
at org.openqa.selenium.remote.service.DriverCommandExecutor.invokeExecute(DriverCommandExecutor.java:217)
at org.openqa.selenium.remote.service.DriverCommandExecutor.execute(DriverCommandExecutor.java:175)
at org.openqa.selenium.remote.RemoteWebDriver.execute(RemoteWebDriver.java:653)
at org.openqa.selenium.remote.RemoteWebElement.execute(RemoteWebElement.java:225)
at org.openqa.selenium.remote.RemoteWebElement.clear(RemoteWebElement.java:131)
at pageObjects.MyAccountPage.EnterSearchItem(MyAccountPage.java:76)
at testBase.SearchResultTest.Search_Result(SearchResultTest.java:42)
at java.base/jdk.internal.reflect.DirectMethodHandleAccessor.invoke(DirectMethodHandleAccessor.java:103)
at java.base/java.lang.reflect.Method.invoke(Method.java:580)
at org.testng.internal.invokers.MethodInvocationHelper.invokeMethod(MethodInvocationHelper.java:141)
at org.testng.internal.invokers.TestInvoker.invokeMethod(TestInvoker.java:697)
at org.testng.internal.invokers.TestInvoker.invokeTestMethod(TestInvoker.java:230)
at org.testng.internal.invokers.MethodRunner.runInSequence(MethodRunner.java:63)
at org.testng.internal.invokers.TestInvoker$MethodInvocationAgent.invoke(TestInvoker.java:1005)
at org.testng.internal.invokers.TestInvoker.invokeTestMethods(TestInvoker.java:203)
at org.testng.internal.invokers.TestMethodWorker.invokeTestMethods(TestMethodWorker.java:154)
at org.testng.internal.invokers.TestMethodWorker.run(TestMethodWorker.java:134)
at java.base/java.util.ArrayList.forEach(ArrayList.java:1596)
at org.testng.TestRunner.privateRun(TestRunner.java:744)
at org.testng.TestRunner.run(TestRunner.java:616)
at org.testng.SuiteRunner.runTest(SuiteRunner.java:421)
at org.testng.SuiteRunner.runSequentially(SuiteRunner.java:413)
at org.testng.SuiteRunner.privateRun(SuiteRunner.java:373)
at org.testng.SuiteRunner.run(SuiteRunner.java:312)
at org.testng.SuiteRunnerWorker.runSuite(SuiteRunnerWorker.java:52)
at org.testng.SuiteRunnerWorker.run(SuiteRunnerWorker.java:95)
at org.testng.TestNG.runSuitesSequentially(TestNG.java:1274)
at org.testng.TestNG.runSuitesLocally(TestNG.java:1208)
at org.testng.TestNG.runSuites(TestNG.java:1112)
at org.testng.TestNG.run(TestNG.java:1079)
at org.apache.maven.surefire.testng.TestNGExecutor.run(TestNGExecutor.java:308)
at org.apache.maven.surefire.testng.TestNGXmlTestSuite.execute(TestNGXmlTestSuite.java:71)
at org.apache.maven.surefire.testng.TestNGProvider.invoke(TestNGProvider.java:113)
at org.apache.maven.surefire.booter.ForkedBooter.runSuitesInProcess(ForkedBooter.java:385)
at org.apache.maven.surefire.booter.ForkedBooter.execute(ForkedBooter.java:162)
at org.apache.maven.surefire.booter.ForkedBooter.run(ForkedBooter.java:507)
at org.apache.maven.surefire.booter.ForkedBooter.main(ForkedBooter.java:495)
]]>
            </full-stacktrace>
          </exception> <!-- org.openqa.selenium.StaleElementReferenceException -->
          <reporter-output>
          </reporter-output>
        </test-method> <!-- Search_Result -->
        <test-method is-config="true" signature="teardown()[pri:0, instance:testBase.SearchResultTest@7d8995e]" started-at="2026-09-21T18:05:56 IST" name="teardown" finished-at="2026-09-21T18:05:56 IST" duration-ms="554" status="PASS">
          <reporter-output>
          </reporter-output>
        </test-method> <!-- teardown -->
      </class> <!-- testBase.SearchResultTest -->
      <class name="testBase.LoginTest">
        <test-method is-config="true" signature="setup(java.lang.String,java.lang.String)[pri:0, instance:testBase.LoginTest@2f9f7dcf]" started-at="2026-09-21T18:05:23 IST" name="setup" finished-at="2026-09-21T18:05:33 IST" duration-ms="9530" status="PASS">
          <params>
            <param index="0">
              <value>
                <![CDATA[Windows]]>
              </value>
            </param>
            <param index="1">
              <value>
                <![CDATA[chrome]]>
              </value>
            </param>
          </params>
          <reporter-output>
          </reporter-output>
        </test-method> <!-- setup -->
        <test-method signature="Verify_login()[pri:0, instance:testBase.LoginTest@2f9f7dcf]" started-at="2026-09-21T18:05:33 IST" name="Verify_login" finished-at="2026-09-21T18:05:35 IST" duration-ms="1924" status="PASS">
          <reporter-output>
          </reporter-output>
        </test-method> <!-- Verify_login -->
        <test-method is-config="true" signature="teardown()[pri:0, instance:testBase.LoginTest@2f9f7dcf]" started-at="2026-09-21T18:05:35 IST" name="teardown" finished-at="2026-09-21T18:05:35 IST" duration-ms="651" status="PASS">
          <reporter-output>
          </reporter-output>
        </test-method> <!-- teardown -->
      </class> <!-- testBase.LoginTest -->
    </test> <!-- Test -->
  </suite> <!-- Master Suite -->
</testng-results>
