<?xml version="1.0" encoding="UTF-8"?>
<testsuite xmlns:xsi="http://www.w3.org/2001/XMLSchema-instance" xsi:noNamespaceSchemaLocation="https://maven.apache.org/surefire/maven-surefire-plugin/xsd/surefire-test-report.xsd" version="3.0.2" name="TestSuite" time="36.129" tests="3" errors="0" skipped="0" failures="1">
  <properties>
[...]
</properties>
  <testcase name="Verify_login" classname="testBase.LoginTest" time="1.967">
    <system-out><![CDATA[18:05:27.154 [main] INFO  testBase.LoginTest - Browser started: chrome
18:05:31.491 [main] INFO  testBase.LoginTest - Application opened successfully.
18:05:31.888 [main] INFO  testBase.LoginTest - Cookies accepted successfully.
18:05:33.111 [main] INFO  testBase.LoginTest - No Thanks popup was not displayed.
18:05:33.158 [main] INFO  testBase.LoginTest - *********Starting testcases**********
18:05:33.222 [main] INFO  testBase.LoginTest - *********Click on My Account**********
18:05:35.074 [main] INFO  testBase.LoginTest - *********End of Testcases**********
]]></system-out>
    <system-err><![CDATA[SLF4J(W): No SLF4J providers were found.
SLF4J(W): Defaulting to no-operation (NOP) logger implementation
SLF4J(W): See https://www.slf4j.org/codes.html#noProviders for further details.
Sep 21, 2026 6:05:27 PM org.openqa.selenium.devtools.CdpVersionFinder findNearestMatch
WARNING: Unable to find an exact match for CDP version 153, returning the closest version; found: 152; Please update to a Selenium version that supports CDP version 153
]]></system-err>
  </testcase>
  <testcase name="verify_MyAccount" classname="testBase.MyAccountTest" time="1.828">
    <system-out><![CDATA[18:05:35.134 [main] INFO  testBase.LoginTest - Closing browser.
18:05:37.440 [main] INFO  testBase.MyAccountTest - Browser started: chrome
18:05:41.997 [main] INFO  testBase.MyAccountTest - Application opened successfully.
18:05:42.414 [main] INFO  testBase.MyAccountTest - Cookies accepted successfully.
18:05:42.585 [main] INFO  testBase.MyAccountTest - No Thanks popup was not displayed.
18:05:42.595 [main] INFO  testBase.MyAccountTest - Starting MyAccount test
18:05:42.597 [main] INFO  testBase.MyAccountTest - *********Click on My Account**********
18:05:42.922 [main] INFO  testBase.MyAccountTest - *********Click on login**********
18:05:44.309 [main] INFO  testBase.MyAccountTest - *********On AccountPage**********
18:05:44.416 [main] INFO  testBase.MyAccountTest - Testcase completed
]]></system-out>
    <system-err><![CDATA[Sep 21, 2026 6:05:37 PM org.openqa.selenium.devtools.CdpVersionFinder findNearestMatch
WARNING: Unable to find an exact match for CDP version 153, returning the closest version; found: 152; Please update to a Selenium version that supports CDP version 153
]]></system-err>
  </testcase>
  <testcase name="Search_Result" classname="testBase.SearchResultTest" time="4.661">
    <failure message="stale element reference: stale element not found&#10;  (Session info: chrome=153.0.8010.50)&#10;For documentation on this error, please visit: https://www.selenium.dev/documentation/webdriver/troubleshooting/errors#staleelementreferenceexception&#10;Build info: version: &apos;4.48.0&apos;, revision: &apos;27f5213 27f5213055e28398a5105b7892b7a3bb2012a6ef&apos;&#10;System info: os.name: &apos;Windows 11&apos;, os.arch: &apos;amd64&apos;, os.version: &apos;10.0&apos;, java.version: &apos;21.0.7&apos;&#10;Driver info: org.openqa.selenium.chrome.ChromeDriver&#10;Command: [dffec170c9c45f55d76c5c819f6c0ee8, clearElement {id=f.ADE515926346C9EA4CE8D8AB30ACFC5B.d.5ABA9F2EDE162064A4DE4B927E450F99.e.2814}]&#10;Capabilities {acceptInsecureCerts: false, browserName: chrome, browserVersion: 153.0.8010.50, chrome: {chromedriverVersion: 153.0.8010.52 (78e5e45d4bb4..., userDataDir: C:\Users\SANTOS~1\AppData\L...}, fedcm:accounts: true, goog:chromeOptions: {debuggerAddress: localhost:49693}, goog:processID: 16532, networkConnectionEnabled: false, pageLoadStrategy: normal, platformName: windows, proxy: Proxy(), se:cdp: ws://localhost:49693/devtoo..., se:cdpVersion: 153.0.8010.50, setWindowRect: true, strictFileInteractability: false, timeouts: {implicit: 0, pageLoad: 300000, script: 30000}, unhandledPromptBehavior: dismiss and notify, webauthn:extension:cmtgKey: true, webauthn:extension:credBlob: true, webauthn:extension:largeBlob: true, webauthn:extension:minPinLength: true, webauthn:extension:prf: true, webauthn:virtualAuthenticators: true}&#10;Element: [[ChromeDriver: chrome on windows (dffec170c9c45f55d76c5c819f6c0ee8)] -&gt; xpath: //input[contains(@class,&apos;search-input&apos;)]]&#10;Session ID: dffec170c9c45f55d76c5c819f6c0ee8" type="org.openqa.selenium.StaleElementReferenceException"><![CDATA[org.openqa.selenium.StaleElementReferenceException: 
stale element reference: stale element not found
  (Session info: chrome=153.0.8010.50)
For documentation on this error, please visit: https://www.selenium.dev/documentation/webdriver/troubleshooting/errors#staleelementreferenceexception
Build info: version: '4.48.0', revision: '27f5213 27f5213055e28398a5105b7892b7a3bb2012a6ef'
System info: os.name: 'Windows 11', os.arch: 'amd64', os.version: '10.0', java.version: '21.0.7'
Driver info: org.openqa.selenium.chrome.ChromeDriver
Command: [dffec170c9c45f55d76c5c819f6c0ee8, clearElement {id=f.ADE515926346C9EA4CE8D8AB30ACFC5B.d.5ABA9F2EDE162064A4DE4B927E450F99.e.2814}]
Capabilities {acceptInsecureCerts: false, browserName: chrome, browserVersion: 153.0.8010.50, chrome: {chromedriverVersion: 153.0.8010.52 (78e5e45d4bb4..., userDataDir: C:\Users\SANTOS~1\AppData\L...}, fedcm:accounts: true, goog:chromeOptions: {debuggerAddress: localhost:49693}, goog:processID: 16532, networkConnectionEnabled: false, pageLoadStrategy: normal, platformName: windows, proxy: Proxy(), se:cdp: ws://localhost:49693/devtoo..., se:cdpVersion: 153.0.8010.50, setWindowRect: true, strictFileInteractability: false, timeouts: {implicit: 0, pageLoad: 300000, script: 30000}, unhandledPromptBehavior: dismiss and notify, webauthn:extension:cmtgKey: true, webauthn:extension:credBlob: true, webauthn:extension:largeBlob: true, webauthn:extension:minPinLength: true, webauthn:extension:prf: true, webauthn:virtualAuthenticators: true}
Element: [[ChromeDriver: chrome on windows (dffec170c9c45f55d76c5c819f6c0ee8)] -> xpath: //input[contains(@class,'search-input')]]
Session ID: dffec170c9c45f55d76c5c819f6c0ee8
	at org.openqa.selenium.remote.ErrorCodec.decode(ErrorCodec.java:169)
	at org.openqa.selenium.remote.codec.w3c.W3CHttpResponseCodec.decode(W3CHttpResponseCodec.java:143)
	at org.openqa.selenium.remote.codec.w3c.W3CHttpResponseCodec.decode(W3CHttpResponseCodec.java:50)
	at org.openqa.selenium.remote.HttpCommandExecutor.execute(HttpCommandExecutor.java:196)
	at org.openqa.selenium.remote.service.DriverCommandExecutor.invokeExecute(DriverCommandExecutor.java:217)
	at org.openqa.selenium.remote.service.DriverCommandExecutor.execute(DriverCommandExecutor.java:175)
	at org.openqa.selenium.remote.RemoteWebDriver.execute(RemoteWebDriver.java:653)
	at org.openqa.selenium.remote.RemoteWebElement.execute(RemoteWebElement.java:225)
	at org.openqa.selenium.remote.RemoteWebElement.clear(RemoteWebElement.java:131)
	at pageObjects.MyAccountPage.EnterSearchItem(MyAccountPage.java:76)
	at testBase.SearchResultTest.Search_Result(SearchResultTest.java:42)
	at java.base/jdk.internal.reflect.DirectMethodHandleAccessor.invoke(DirectMethodHandleAccessor.java:103)
	at java.base/java.lang.reflect.Method.invoke(Method.java:580)
	at org.testng.internal.invokers.MethodInvocationHelper.invokeMethod(MethodInvocationHelper.java:141)
	at org.testng.internal.invokers.TestInvoker.invokeMethod(TestInvoker.java:697)
	at org.testng.internal.invokers.TestInvoker.invokeTestMethod(TestInvoker.java:230)
	at org.testng.internal.invokers.MethodRunner.runInSequence(MethodRunner.java:63)
	at org.testng.internal.invokers.TestInvoker$MethodInvocationAgent.invoke(TestInvoker.java:1005)
	at org.testng.internal.invokers.TestInvoker.invokeTestMethods(TestInvoker.java:203)
	at org.testng.internal.invokers.TestMethodWorker.invokeTestMethods(TestMethodWorker.java:154)
	at org.testng.internal.invokers.TestMethodWorker.run(TestMethodWorker.java:134)
	at java.base/java.util.ArrayList.forEach(ArrayList.java:1596)
	at org.testng.TestRunner.privateRun(TestRunner.java:744)
	at org.testng.TestRunner.run(TestRunner.java:616)
	at org.testng.SuiteRunner.runTest(SuiteRunner.java:421)
	at org.testng.SuiteRunner.runSequentially(SuiteRunner.java:413)
	at org.testng.SuiteRunner.privateRun(SuiteRunner.java:373)
	at org.testng.SuiteRunner.run(SuiteRunner.java:312)
	at org.testng.SuiteRunnerWorker.runSuite(SuiteRunnerWorker.java:52)
	at org.testng.SuiteRunnerWorker.run(SuiteRunnerWorker.java:95)
	at org.testng.TestNG.runSuitesSequentially(TestNG.java:1274)
	at org.testng.TestNG.runSuitesLocally(TestNG.java:1208)
	at org.testng.TestNG.runSuites(TestNG.java:1112)
	at org.testng.TestNG.run(TestNG.java:1079)
	at org.apache.maven.surefire.testng.TestNGExecutor.run(TestNGExecutor.java:308)
	at org.apache.maven.surefire.testng.TestNGXmlTestSuite.execute(TestNGXmlTestSuite.java:71)
	at org.apache.maven.surefire.testng.TestNGProvider.invoke(TestNGProvider.java:113)
	at org.apache.maven.surefire.booter.ForkedBooter.runSuitesInProcess(ForkedBooter.java:385)
	at org.apache.maven.surefire.booter.ForkedBooter.execute(ForkedBooter.java:162)
	at org.apache.maven.surefire.booter.ForkedBooter.run(ForkedBooter.java:507)
	at org.apache.maven.surefire.booter.ForkedBooter.main(ForkedBooter.java:495)
]]></failure>
    <system-out><![CDATA[18:05:44.424 [main] INFO  testBase.MyAccountTest - Closing browser.
18:05:46.819 [main] INFO  testBase.SearchResultTest - Browser started: chrome
18:05:51.127 [main] INFO  testBase.SearchResultTest - Application opened successfully.
18:05:51.554 [main] INFO  testBase.SearchResultTest - Cookies accepted successfully.
18:05:51.738 [main] INFO  testBase.SearchResultTest - No Thanks popup was not displayed.
18:05:51.743 [main] INFO  testBase.SearchResultTest - *************** Starting Test Case ***************
18:05:51.744 [main] INFO  testBase.SearchResultTest - *************** Click on My Account ***************
18:05:52.082 [main] INFO  testBase.SearchResultTest - *************** Enter Login Details ***************
18:05:53.410 [main] INFO  testBase.SearchResultTest - *************** Click on Search ***************
18:05:53.654 [main] INFO  testBase.SearchResultTest - *************** Click on Search Bar ***************
18:05:53.945 [main] INFO  testBase.SearchResultTest - *************** Enter Search Item ***************
]]></system-out>
    <system-err><![CDATA[Sep 21, 2026 6:05:46 PM org.openqa.selenium.devtools.CdpVersionFinder findNearestMatch
WARNING: Unable to find an exact match for CDP version 153, returning the closest version; found: 152; Please update to a Selenium version that supports CDP version 153
]]></system-err>
  </testcase>
</testsuite>