<?xml version="1.0" encoding="UTF-8"?>
<testsuite xmlns:xsi="http://www.w3.org/2001/XMLSchema-instance" xsi:noNamespaceSchemaLocation="https://maven.apache.org/surefire/maven-surefire-plugin/xsd/surefire-test-report.xsd" version="3.0.2" name="testBase.LoginTest" time="59.484" tests="1" errors="0" skipped="0" failures="0" flakes="0">
  <properties>
[...]
</properties>
  <testcase name="Verify_login" classname="testBase.LoginTest" time="15.569">
    <system-out><![CDATA[12:43:50.614 [main] INFO  testBase.LoginTest - Browser started: chrome
12:44:11.888 [main] INFO  testBase.LoginTest - Application opened successfully.
12:44:22.300 [main] INFO  testBase.LoginTest - Accept All Cookies popup was not displayed.
12:44:32.634 [main] INFO  testBase.LoginTest - No Thanks popup was not displayed.
12:44:32.641 [main] INFO  testBase.LoginTest - *********Starting testcases**********
12:44:32.684 [main] INFO  testBase.LoginTest - *********Click on My Account**********
12:44:48.199 [main] ERROR testBase.LoginTest - Test failed
12:44:48.202 [main] DEBUG testBase.LoginTest - Debugs logs
]]></system-out>
  </testcase>
</testsuite>